<?xml version="1.0" encoding="UTF-8"?>
<testng-results skipped="0" failed="0" total="0" passed="0">
  <reporter-output>
  </reporter-output>
  <suite name="Sdas.Finall.AppTest" duration-ms="2" started-at="2019-08-31T09:38:02Z" finished-at="2019-08-31T09:38:02Z">
    <groups>
    </groups>
    <test name="Command line test" duration-ms="2" started-at="2019-08-31T09:38:02Z" finished-at="2019-08-31T09:38:02Z">
    </test> <!-- Command line test -->
  </suite> <!-- Sdas.Finall.AppTest -->
</testng-results>
