<?xml version="1.0" encoding="UTF-8"?>
<testng-results skipped="0" failed="0" total="1" passed="1">
  <reporter-output>
  </reporter-output>
  <suite name="Default suite" duration-ms="43" started-at="2019-09-19T11:05:36Z" finished-at="2019-09-19T11:05:36Z">
    <groups>
    </groups>
    <test name="Default test" duration-ms="43" started-at="2019-09-19T11:05:36Z" finished-at="2019-09-19T11:05:36Z">
      <class name="Sdas.Finall.TestB">
        <test-method status="PASS" signature="fun2()[pri:0, instance:Sdas.Finall.TestB@343f4d3d]" name="fun2" duration-ms="15" started-at="2019-09-19T16:35:36Z" finished-at="2019-09-19T16:35:36Z">
          <reporter-output>
          </reporter-output>
        </test-method> <!-- fun2 -->
      </class> <!-- Sdas.Finall.TestB -->
    </test> <!-- Default test -->
  </suite> <!-- Default suite -->
</testng-results>
