<?xml version="1.0" encoding="UTF-8"?>
<testng-results skipped="0" failed="0" total="2" passed="2">
  <reporter-output>
  </reporter-output>
  <suite name="Default suite" duration-ms="59221" started-at="2019-09-20T20:23:43Z" finished-at="2019-09-20T20:24:42Z">
    <groups>
    </groups>
    <test name="Default test" duration-ms="59221" started-at="2019-09-20T20:23:43Z" finished-at="2019-09-20T20:24:42Z">
      <class name="Sdas.Finall.Login">
        <test-method status="PASS" signature="login1()[pri:0, instance:Sdas.Finall.Login@204f30ec]" name="login1" duration-ms="59186" started-at="2019-09-21T01:53:43Z" finished-at="2019-09-21T01:54:42Z">
          <reporter-output>
          </reporter-output>
        </test-method> <!-- login1 -->
        <test-method status="PASS" signature="login2()[pri:0, instance:Sdas.Finall.Login@204f30ec]" name="login2" duration-ms="1" started-at="2019-09-21T01:54:42Z" finished-at="2019-09-21T01:54:42Z">
          <reporter-output>
          </reporter-output>
        </test-method> <!-- login2 -->
      </class> <!-- Sdas.Finall.Login -->
    </test> <!-- Default test -->
  </suite> <!-- Default suite -->
</testng-results>
